C:\USERS\佳欢\DOCUMENTS\VISUAL STUDIO 2012\PROJECTS\GRAPHENUM\GRAPHENUM\RELEASE\MAIN.OBJ
C:\USERS\佳欢\DOCUMENTS\VISUAL STUDIO 2012\PROJECTS\GRAPHENUM\GRAPHENUM\RELEASE\GRAPHCOLLECTION.OBJ
C:\USERS\佳欢\DOCUMENTS\VISUAL STUDIO 2012\PROJECTS\GRAPHENUM\GRAPHENUM\RELEASE\GRAPH.OBJ
C:\USERS\佳欢\DOCUMENTS\VISUAL STUDIO 2012\PROJECTS\GRAPHENUM\GRAPHENUM\RELEASE\VC110.PDB
C:\USERS\佳欢\DOCUMENTS\VISUAL STUDIO 2012\PROJECTS\GRAPHENUM\RELEASE\GRAPHENUM.EXE
C:\USERS\佳欢\DOCUMENTS\VISUAL STUDIO 2012\PROJECTS\GRAPHENUM\RELEASE\GRAPHENUM.PDB
C:\Users\佳欢\documents\visual studio 2012\Projects\GraphEnum\GraphEnum\Release\Graph.obj
C:\Users\佳欢\documents\visual studio 2012\Projects\GraphEnum\GraphEnum\Release\GraphCollection.obj
C:\Users\佳欢\documents\visual studio 2012\Projects\GraphEnum\GraphEnum\Release\Main.obj
C:\Users\佳欢\documents\visual studio 2012\Projects\GraphEnum\GraphEnum\Release\cl.command.1.tlog
C:\Users\佳欢\documents\visual studio 2012\Projects\GraphEnum\GraphEnum\Release\CL.read.1.tlog
C:\Users\佳欢\documents\visual studio 2012\Projects\GraphEnum\GraphEnum\Release\CL.write.1.tlog
C:\Users\佳欢\documents\visual studio 2012\Projects\GraphEnum\GraphEnum\Release\link-cvtres.read.1.tlog
C:\Users\佳欢\documents\visual studio 2012\Projects\GraphEnum\GraphEnum\Release\link-cvtres.write.1.tlog
C:\Users\佳欢\documents\visual studio 2012\Projects\GraphEnum\GraphEnum\Release\link-rc.read.1.tlog
C:\Users\佳欢\documents\visual studio 2012\Projects\GraphEnum\GraphEnum\Release\link-rc.write.1.tlog
C:\Users\佳欢\documents\visual studio 2012\Projects\GraphEnum\GraphEnum\Release\link.command.1.tlog
C:\Users\佳欢\documents\visual studio 2012\Projects\GraphEnum\GraphEnum\Release\link.read.1.tlog
C:\Users\佳欢\documents\visual studio 2012\Projects\GraphEnum\GraphEnum\Release\link.write.1.tlog
C:\Users\佳欢\documents\visual studio 2012\Projects\GraphEnum\GraphEnum\Release\vc110.pdb
C:\Users\佳欢\documents\visual studio 2012\Projects\GraphEnum\Release\GraphEnum.pdb
C:\Users\佳欢\documents\visual studio 2012\Projects\GraphEnum\Release\GraphEnum.exe
